2023-10-24 13:26:04,433 INFO  main  - Thread pool 'sofa-boot-health-check' started with period: 5000 MILLISECONDS
2023-10-24 13:26:04,439 INFO  main  - Thread pool with name 'sofa-boot-health-check' registered
2023-10-24 13:26:09,426 INFO  SOFA-Thread-Pool-Monitor-2-thread-1 - Thread pool 'sofa-boot-health-check' info: [0,0,1,1,0]
2023-10-24 13:26:09,426 INFO  SOFA-Thread-Pool-Monitor-2-thread-1 - Thread pool 'sofa-boot-health-check' average static info: [0,85]
2023-10-24 13:26:14,426 INFO  SOFA-Thread-Pool-Monitor-2-thread-1 - Thread pool 'sofa-boot-health-check' info: [0,0,1,1,0]
2023-10-24 13:26:19,426 INFO  SOFA-Thread-Pool-Monitor-2-thread-2 - Thread pool 'sofa-boot-health-check' info: [0,0,1,1,0]
2023-10-24 13:26:24,426 INFO  SOFA-Thread-Pool-Monitor-2-thread-1 - Thread pool 'sofa-boot-health-check' info: [0,0,1,1,0]
2023-10-24 13:26:29,427 INFO  SOFA-Thread-Pool-Monitor-2-thread-3 - Thread pool 'sofa-boot-health-check' info: [0,0,1,1,0]
2023-10-24 13:26:34,427 INFO  SOFA-Thread-Pool-Monitor-2-thread-2 - Thread pool 'sofa-boot-health-check' info: [0,0,1,1,0]
2023-10-24 13:26:39,426 INFO  SOFA-Thread-Pool-Monitor-2-thread-4 - Thread pool 'sofa-boot-health-check' info: [0,0,1,1,0]
2023-10-24 13:26:44,426 INFO  SOFA-Thread-Pool-Monitor-2-thread-1 - Thread pool 'sofa-boot-health-check' info: [0,0,1,1,0]
2023-10-24 13:26:49,427 INFO  SOFA-Thread-Pool-Monitor-2-thread-5 - Thread pool 'sofa-boot-health-check' info: [0,0,1,1,0]
2023-10-24 13:26:54,427 INFO  SOFA-Thread-Pool-Monitor-2-thread-3 - Thread pool 'sofa-boot-health-check' info: [0,0,1,1,0]
2023-10-24 13:26:59,427 INFO  SOFA-Thread-Pool-Monitor-2-thread-6 - Thread pool 'sofa-boot-health-check' info: [0,0,1,1,0]
2023-10-24 13:27:04,425 INFO  SOFA-Thread-Pool-Monitor-2-thread-2 - Thread pool 'sofa-boot-health-check' info: [0,0,1,1,0]
2023-10-24 13:27:09,427 INFO  SOFA-Thread-Pool-Monitor-2-thread-7 - Thread pool 'sofa-boot-health-check' info: [0,0,1,1,0]
2023-10-24 13:27:14,425 INFO  SOFA-Thread-Pool-Monitor-2-thread-7 - Thread pool 'sofa-boot-health-check' info: [0,0,1,1,0]
2023-10-24 13:27:19,427 INFO  SOFA-Thread-Pool-Monitor-2-thread-7 - Thread pool 'sofa-boot-health-check' info: [0,0,1,1,0]
2023-10-24 13:27:24,427 INFO  SOFA-Thread-Pool-Monitor-2-thread-7 - Thread pool 'sofa-boot-health-check' info: [0,0,1,1,0]
2023-10-24 13:27:29,427 INFO  SOFA-Thread-Pool-Monitor-2-thread-7 - Thread pool 'sofa-boot-health-check' info: [0,0,1,1,0]
2023-10-24 13:27:34,426 INFO  SOFA-Thread-Pool-Monitor-2-thread-7 - Thread pool 'sofa-boot-health-check' info: [0,0,1,1,0]
2023-10-24 13:27:39,426 INFO  SOFA-Thread-Pool-Monitor-2-thread-7 - Thread pool 'sofa-boot-health-check' info: [0,0,1,1,0]
2023-10-24 13:27:44,427 INFO  SOFA-Thread-Pool-Monitor-2-thread-7 - Thread pool 'sofa-boot-health-check' info: [0,0,1,1,0]
2023-10-24 13:27:49,427 INFO  SOFA-Thread-Pool-Monitor-2-thread-7 - Thread pool 'sofa-boot-health-check' info: [0,0,1,1,0]
2023-10-24 13:27:54,425 INFO  SOFA-Thread-Pool-Monitor-2-thread-7 - Thread pool 'sofa-boot-health-check' info: [0,0,1,1,0]
2023-10-24 13:27:59,427 INFO  SOFA-Thread-Pool-Monitor-2-thread-7 - Thread pool 'sofa-boot-health-check' info: [0,0,1,1,0]
2023-10-24 13:28:04,427 INFO  SOFA-Thread-Pool-Monitor-2-thread-7 - Thread pool 'sofa-boot-health-check' info: [0,0,1,1,0]
2023-10-24 13:28:09,426 INFO  SOFA-Thread-Pool-Monitor-2-thread-7 - Thread pool 'sofa-boot-health-check' info: [0,0,1,1,0]
2023-10-24 13:28:14,427 INFO  SOFA-Thread-Pool-Monitor-2-thread-7 - Thread pool 'sofa-boot-health-check' info: [0,0,1,1,0]
2023-10-24 13:28:19,426 INFO  SOFA-Thread-Pool-Monitor-2-thread-7 - Thread pool 'sofa-boot-health-check' info: [0,0,1,1,0]
2023-10-24 13:28:24,425 INFO  SOFA-Thread-Pool-Monitor-2-thread-7 - Thread pool 'sofa-boot-health-check' info: [0,0,1,1,0]
2023-10-24 13:28:29,425 INFO  SOFA-Thread-Pool-Monitor-2-thread-7 - Thread pool 'sofa-boot-health-check' info: [0,0,1,1,0]
2023-10-24 13:28:34,427 INFO  SOFA-Thread-Pool-Monitor-2-thread-7 - Thread pool 'sofa-boot-health-check' info: [0,0,1,1,0]
2023-10-24 13:28:39,427 INFO  SOFA-Thread-Pool-Monitor-2-thread-7 - Thread pool 'sofa-boot-health-check' info: [0,0,1,1,0]
2023-10-24 13:28:44,426 INFO  SOFA-Thread-Pool-Monitor-2-thread-7 - Thread pool 'sofa-boot-health-check' info: [0,0,1,1,0]
2023-10-24 13:28:49,426 INFO  SOFA-Thread-Pool-Monitor-2-thread-7 - Thread pool 'sofa-boot-health-check' info: [0,0,1,1,0]
2023-10-24 13:28:54,427 INFO  SOFA-Thread-Pool-Monitor-2-thread-7 - Thread pool 'sofa-boot-health-check' info: [0,0,1,1,0]
2023-10-24 13:28:59,426 INFO  SOFA-Thread-Pool-Monitor-2-thread-7 - Thread pool 'sofa-boot-health-check' info: [0,0,1,1,0]
2023-10-24 13:29:04,426 INFO  SOFA-Thread-Pool-Monitor-2-thread-7 - Thread pool 'sofa-boot-health-check' info: [0,0,1,1,0]
2023-10-24 13:29:09,427 INFO  SOFA-Thread-Pool-Monitor-2-thread-7 - Thread pool 'sofa-boot-health-check' info: [0,0,1,1,0]
2023-10-24 13:29:14,426 INFO  SOFA-Thread-Pool-Monitor-2-thread-7 - Thread pool 'sofa-boot-health-check' info: [0,0,1,1,0]
2023-10-24 13:29:19,427 INFO  SOFA-Thread-Pool-Monitor-2-thread-7 - Thread pool 'sofa-boot-health-check' info: [0,0,1,1,0]
2023-10-24 13:29:24,427 INFO  SOFA-Thread-Pool-Monitor-2-thread-7 - Thread pool 'sofa-boot-health-check' info: [0,0,1,1,0]
2023-10-24 13:29:29,427 INFO  SOFA-Thread-Pool-Monitor-2-thread-7 - Thread pool 'sofa-boot-health-check' info: [0,0,1,1,0]
2023-10-24 13:29:34,426 INFO  SOFA-Thread-Pool-Monitor-2-thread-7 - Thread pool 'sofa-boot-health-check' info: [0,0,1,1,0]
2023-10-24 13:29:39,426 INFO  SOFA-Thread-Pool-Monitor-2-thread-7 - Thread pool 'sofa-boot-health-check' info: [0,0,1,1,0]
2023-10-24 13:29:44,426 INFO  SOFA-Thread-Pool-Monitor-2-thread-7 - Thread pool 'sofa-boot-health-check' info: [0,0,1,1,0]
2023-10-24 13:29:49,427 INFO  SOFA-Thread-Pool-Monitor-2-thread-7 - Thread pool 'sofa-boot-health-check' info: [0,0,1,1,0]
2023-10-24 13:29:54,426 INFO  SOFA-Thread-Pool-Monitor-2-thread-7 - Thread pool 'sofa-boot-health-check' info: [0,0,1,1,0]
2023-10-24 13:29:59,427 INFO  SOFA-Thread-Pool-Monitor-2-thread-7 - Thread pool 'sofa-boot-health-check' info: [0,0,1,1,0]
2023-10-24 13:30:04,426 INFO  SOFA-Thread-Pool-Monitor-2-thread-7 - Thread pool 'sofa-boot-health-check' info: [0,0,1,1,0]
2023-10-24 13:30:09,426 INFO  SOFA-Thread-Pool-Monitor-2-thread-7 - Thread pool 'sofa-boot-health-check' info: [0,0,1,1,0]
2023-10-24 13:30:14,426 INFO  SOFA-Thread-Pool-Monitor-2-thread-7 - Thread pool 'sofa-boot-health-check' info: [0,0,1,1,0]
2023-10-24 13:36:56,087 INFO  main  - Thread pool 'sofa-boot-health-check' started with period: 5000 MILLISECONDS
2023-10-24 13:36:56,087 INFO  main  - Thread pool with name 'sofa-boot-health-check' registered
2023-10-24 13:37:01,083 INFO  SOFA-Thread-Pool-Monitor-2-thread-1 - Thread pool 'sofa-boot-health-check' info: [0,0,1,1,0]
2023-10-24 13:37:01,083 INFO  SOFA-Thread-Pool-Monitor-2-thread-1 - Thread pool 'sofa-boot-health-check' average static info: [0,85]
2023-10-24 13:37:06,083 INFO  SOFA-Thread-Pool-Monitor-2-thread-1 - Thread pool 'sofa-boot-health-check' info: [0,0,1,1,0]
2023-10-24 13:37:11,083 INFO  SOFA-Thread-Pool-Monitor-2-thread-2 - Thread pool 'sofa-boot-health-check' info: [0,0,1,1,0]
2023-10-24 13:37:16,083 INFO  SOFA-Thread-Pool-Monitor-2-thread-1 - Thread pool 'sofa-boot-health-check' info: [0,0,1,1,0]
2023-10-24 13:37:21,081 INFO  SOFA-Thread-Pool-Monitor-2-thread-3 - Thread pool 'sofa-boot-health-check' info: [0,0,1,1,0]
2023-10-24 13:37:26,082 INFO  SOFA-Thread-Pool-Monitor-2-thread-2 - Thread pool 'sofa-boot-health-check' info: [0,0,1,1,0]
2023-10-24 13:37:31,083 INFO  SOFA-Thread-Pool-Monitor-2-thread-4 - Thread pool 'sofa-boot-health-check' info: [0,0,1,1,0]
2023-10-24 13:37:36,083 INFO  SOFA-Thread-Pool-Monitor-2-thread-1 - Thread pool 'sofa-boot-health-check' info: [0,0,1,1,0]
2023-10-24 13:37:41,082 INFO  SOFA-Thread-Pool-Monitor-2-thread-5 - Thread pool 'sofa-boot-health-check' info: [0,0,1,1,0]
2023-10-24 13:37:46,082 INFO  SOFA-Thread-Pool-Monitor-2-thread-3 - Thread pool 'sofa-boot-health-check' info: [0,0,1,1,0]
2023-10-24 13:37:51,082 INFO  SOFA-Thread-Pool-Monitor-2-thread-6 - Thread pool 'sofa-boot-health-check' info: [0,0,1,1,0]
2023-10-24 13:37:56,083 INFO  SOFA-Thread-Pool-Monitor-2-thread-2 - Thread pool 'sofa-boot-health-check' info: [0,0,1,1,0]
2023-10-24 13:38:01,083 INFO  SOFA-Thread-Pool-Monitor-2-thread-7 - Thread pool 'sofa-boot-health-check' info: [0,0,1,1,0]
2023-10-24 13:38:06,083 INFO  SOFA-Thread-Pool-Monitor-2-thread-7 - Thread pool 'sofa-boot-health-check' info: [0,0,1,1,0]
2023-10-24 13:38:11,083 INFO  SOFA-Thread-Pool-Monitor-2-thread-8 - Thread pool 'sofa-boot-health-check' info: [0,0,1,1,0]
2023-10-24 13:38:16,082 INFO  SOFA-Thread-Pool-Monitor-2-thread-8 - Thread pool 'sofa-boot-health-check' info: [0,0,1,1,0]
2023-10-24 13:38:21,083 INFO  SOFA-Thread-Pool-Monitor-2-thread-8 - Thread pool 'sofa-boot-health-check' info: [0,0,1,1,0]
2023-10-24 13:38:26,083 INFO  SOFA-Thread-Pool-Monitor-2-thread-8 - Thread pool 'sofa-boot-health-check' info: [0,0,1,1,0]
2023-10-24 13:38:31,083 INFO  SOFA-Thread-Pool-Monitor-2-thread-8 - Thread pool 'sofa-boot-health-check' info: [0,0,1,1,0]
2023-10-24 13:38:36,083 INFO  SOFA-Thread-Pool-Monitor-2-thread-8 - Thread pool 'sofa-boot-health-check' info: [0,0,1,1,0]
2023-10-24 13:38:41,083 INFO  SOFA-Thread-Pool-Monitor-2-thread-8 - Thread pool 'sofa-boot-health-check' info: [0,0,1,1,0]
2023-10-24 13:38:46,083 INFO  SOFA-Thread-Pool-Monitor-2-thread-8 - Thread pool 'sofa-boot-health-check' info: [0,0,1,1,0]
2023-10-24 13:38:51,083 INFO  SOFA-Thread-Pool-Monitor-2-thread-8 - Thread pool 'sofa-boot-health-check' info: [0,0,1,1,0]
2023-10-24 13:38:56,082 INFO  SOFA-Thread-Pool-Monitor-2-thread-8 - Thread pool 'sofa-boot-health-check' info: [0,0,1,1,0]
2023-10-24 13:39:01,082 INFO  SOFA-Thread-Pool-Monitor-2-thread-8 - Thread pool 'sofa-boot-health-check' info: [0,0,1,1,0]
2023-10-24 13:39:06,082 INFO  SOFA-Thread-Pool-Monitor-2-thread-8 - Thread pool 'sofa-boot-health-check' info: [0,0,1,1,0]
2023-10-24 13:39:11,083 INFO  SOFA-Thread-Pool-Monitor-2-thread-8 - Thread pool 'sofa-boot-health-check' info: [0,0,1,1,0]
2023-10-24 13:39:16,082 INFO  SOFA-Thread-Pool-Monitor-2-thread-8 - Thread pool 'sofa-boot-health-check' info: [0,0,1,1,0]
2023-10-24 13:39:21,082 INFO  SOFA-Thread-Pool-Monitor-2-thread-8 - Thread pool 'sofa-boot-health-check' info: [0,0,1,1,0]
2023-10-24 13:39:26,083 INFO  SOFA-Thread-Pool-Monitor-2-thread-8 - Thread pool 'sofa-boot-health-check' info: [0,0,1,1,0]
2023-10-24 13:39:31,082 INFO  SOFA-Thread-Pool-Monitor-2-thread-8 - Thread pool 'sofa-boot-health-check' info: [0,0,1,1,0]
2023-10-24 13:39:36,082 INFO  SOFA-Thread-Pool-Monitor-2-thread-8 - Thread pool 'sofa-boot-health-check' info: [0,0,1,1,0]
2023-10-24 13:39:41,082 INFO  SOFA-Thread-Pool-Monitor-2-thread-8 - Thread pool 'sofa-boot-health-check' info: [0,0,1,1,0]
2023-10-24 13:39:46,083 INFO  SOFA-Thread-Pool-Monitor-2-thread-8 - Thread pool 'sofa-boot-health-check' info: [0,0,1,1,0]
2023-10-24 13:39:51,082 INFO  SOFA-Thread-Pool-Monitor-2-thread-8 - Thread pool 'sofa-boot-health-check' info: [0,0,1,1,0]
2023-10-24 13:39:56,082 INFO  SOFA-Thread-Pool-Monitor-2-thread-8 - Thread pool 'sofa-boot-health-check' info: [0,0,1,1,0]
2023-10-24 13:40:01,083 INFO  SOFA-Thread-Pool-Monitor-2-thread-8 - Thread pool 'sofa-boot-health-check' info: [0,0,1,1,0]
2023-10-24 13:40:06,082 INFO  SOFA-Thread-Pool-Monitor-2-thread-8 - Thread pool 'sofa-boot-health-check' info: [0,0,1,1,0]
2023-10-24 13:40:11,082 INFO  SOFA-Thread-Pool-Monitor-2-thread-8 - Thread pool 'sofa-boot-health-check' info: [0,0,1,1,0]
2023-10-24 13:40:16,082 INFO  SOFA-Thread-Pool-Monitor-2-thread-8 - Thread pool 'sofa-boot-health-check' info: [0,0,1,1,0]
2023-10-24 13:40:21,083 INFO  SOFA-Thread-Pool-Monitor-2-thread-8 - Thread pool 'sofa-boot-health-check' info: [0,0,1,1,0]
2023-10-24 13:40:26,083 INFO  SOFA-Thread-Pool-Monitor-2-thread-8 - Thread pool 'sofa-boot-health-check' info: [0,0,1,1,0]
2023-10-24 13:40:31,083 INFO  SOFA-Thread-Pool-Monitor-2-thread-8 - Thread pool 'sofa-boot-health-check' info: [0,0,1,1,0]
2023-10-24 13:40:36,083 INFO  SOFA-Thread-Pool-Monitor-2-thread-8 - Thread pool 'sofa-boot-health-check' info: [0,0,1,1,0]
2023-10-24 13:40:41,083 INFO  SOFA-Thread-Pool-Monitor-2-thread-8 - Thread pool 'sofa-boot-health-check' info: [0,0,1,1,0]
2023-10-24 13:40:46,083 INFO  SOFA-Thread-Pool-Monitor-2-thread-8 - Thread pool 'sofa-boot-health-check' info: [0,0,1,1,0]
2023-10-24 13:40:51,082 INFO  SOFA-Thread-Pool-Monitor-2-thread-8 - Thread pool 'sofa-boot-health-check' info: [0,0,1,1,0]
2023-10-24 13:40:56,083 INFO  SOFA-Thread-Pool-Monitor-2-thread-8 - Thread pool 'sofa-boot-health-check' info: [0,0,1,1,0]
2023-10-24 13:41:01,083 INFO  SOFA-Thread-Pool-Monitor-2-thread-8 - Thread pool 'sofa-boot-health-check' info: [0,0,1,1,0]
2023-10-24 13:41:06,083 INFO  SOFA-Thread-Pool-Monitor-2-thread-8 - Thread pool 'sofa-boot-health-check' info: [0,0,1,1,0]
2023-10-24 13:41:11,082 INFO  SOFA-Thread-Pool-Monitor-2-thread-8 - Thread pool 'sofa-boot-health-check' info: [0,0,1,1,0]
2023-10-24 13:41:16,083 INFO  SOFA-Thread-Pool-Monitor-2-thread-8 - Thread pool 'sofa-boot-health-check' info: [0,0,1,1,0]
2023-10-24 13:41:21,082 INFO  SOFA-Thread-Pool-Monitor-2-thread-8 - Thread pool 'sofa-boot-health-check' info: [0,0,1,1,0]
2023-10-24 13:41:26,083 INFO  SOFA-Thread-Pool-Monitor-2-thread-8 - Thread pool 'sofa-boot-health-check' info: [0,0,1,1,0]
2023-10-24 13:41:31,083 INFO  SOFA-Thread-Pool-Monitor-2-thread-8 - Thread pool 'sofa-boot-health-check' info: [0,0,1,1,0]
2023-10-24 13:41:36,083 INFO  SOFA-Thread-Pool-Monitor-2-thread-8 - Thread pool 'sofa-boot-health-check' info: [0,0,1,1,0]
2023-10-24 13:41:41,082 INFO  SOFA-Thread-Pool-Monitor-2-thread-8 - Thread pool 'sofa-boot-health-check' info: [0,0,1,1,0]
2023-10-24 13:41:46,082 INFO  SOFA-Thread-Pool-Monitor-2-thread-8 - Thread pool 'sofa-boot-health-check' info: [0,0,1,1,0]
2023-10-24 13:41:51,083 INFO  SOFA-Thread-Pool-Monitor-2-thread-12 - Thread pool 'sofa-boot-health-check' info: [0,0,1,1,0]
2023-10-24 13:42:07,349 INFO  main  - Thread pool 'sofa-boot-health-check' started with period: 5000 MILLISECONDS
2023-10-24 13:42:07,349 INFO  main  - Thread pool with name 'sofa-boot-health-check' registered
2023-10-24 13:42:12,342 INFO  SOFA-Thread-Pool-Monitor-2-thread-1 - Thread pool 'sofa-boot-health-check' info: [0,0,1,1,0]
2023-10-24 13:42:12,342 INFO  SOFA-Thread-Pool-Monitor-2-thread-1 - Thread pool 'sofa-boot-health-check' average static info: [0,75]
2023-10-24 13:42:17,342 INFO  SOFA-Thread-Pool-Monitor-2-thread-1 - Thread pool 'sofa-boot-health-check' info: [0,0,1,1,0]
2023-10-24 13:42:22,343 INFO  SOFA-Thread-Pool-Monitor-2-thread-2 - Thread pool 'sofa-boot-health-check' info: [0,0,1,1,0]
2023-10-24 13:42:27,344 INFO  SOFA-Thread-Pool-Monitor-2-thread-1 - Thread pool 'sofa-boot-health-check' info: [0,0,1,1,0]
2023-10-24 13:42:32,344 INFO  SOFA-Thread-Pool-Monitor-2-thread-3 - Thread pool 'sofa-boot-health-check' info: [0,0,1,1,0]
2023-10-24 13:42:37,343 INFO  SOFA-Thread-Pool-Monitor-2-thread-2 - Thread pool 'sofa-boot-health-check' info: [0,0,1,1,0]
2023-10-24 13:42:42,343 INFO  SOFA-Thread-Pool-Monitor-2-thread-4 - Thread pool 'sofa-boot-health-check' info: [0,0,1,1,0]
2023-10-24 13:42:47,343 INFO  SOFA-Thread-Pool-Monitor-2-thread-1 - Thread pool 'sofa-boot-health-check' info: [0,0,1,1,0]
2023-10-24 13:42:52,344 INFO  SOFA-Thread-Pool-Monitor-2-thread-5 - Thread pool 'sofa-boot-health-check' info: [0,0,1,1,0]
2023-10-24 13:42:57,343 INFO  SOFA-Thread-Pool-Monitor-2-thread-3 - Thread pool 'sofa-boot-health-check' info: [0,0,1,1,0]
2023-10-24 13:43:02,344 INFO  SOFA-Thread-Pool-Monitor-2-thread-6 - Thread pool 'sofa-boot-health-check' info: [0,0,1,1,0]
2023-10-24 13:43:07,344 INFO  SOFA-Thread-Pool-Monitor-2-thread-2 - Thread pool 'sofa-boot-health-check' info: [0,0,1,1,0]
2023-10-24 13:43:12,344 INFO  SOFA-Thread-Pool-Monitor-2-thread-7 - Thread pool 'sofa-boot-health-check' info: [0,0,1,1,0]
2023-10-24 13:43:17,342 INFO  SOFA-Thread-Pool-Monitor-2-thread-7 - Thread pool 'sofa-boot-health-check' info: [0,0,1,1,0]
2023-10-24 13:43:22,344 INFO  SOFA-Thread-Pool-Monitor-2-thread-7 - Thread pool 'sofa-boot-health-check' info: [0,0,1,1,0]
2023-10-24 13:43:27,343 INFO  SOFA-Thread-Pool-Monitor-2-thread-7 - Thread pool 'sofa-boot-health-check' info: [0,0,1,1,0]
2023-10-24 13:43:32,343 INFO  SOFA-Thread-Pool-Monitor-2-thread-7 - Thread pool 'sofa-boot-health-check' info: [0,0,1,1,0]
2023-10-24 13:43:37,343 INFO  SOFA-Thread-Pool-Monitor-2-thread-7 - Thread pool 'sofa-boot-health-check' info: [0,0,1,1,0]
2023-10-24 13:43:42,344 INFO  SOFA-Thread-Pool-Monitor-2-thread-7 - Thread pool 'sofa-boot-health-check' info: [0,0,1,1,0]
2023-10-24 13:43:47,344 INFO  SOFA-Thread-Pool-Monitor-2-thread-7 - Thread pool 'sofa-boot-health-check' info: [0,0,1,1,0]
2023-10-24 13:43:52,344 INFO  SOFA-Thread-Pool-Monitor-2-thread-7 - Thread pool 'sofa-boot-health-check' info: [0,0,1,1,0]
2023-10-24 13:43:57,344 INFO  SOFA-Thread-Pool-Monitor-2-thread-7 - Thread pool 'sofa-boot-health-check' info: [0,0,1,1,0]
2023-10-24 13:44:02,342 INFO  SOFA-Thread-Pool-Monitor-2-thread-7 - Thread pool 'sofa-boot-health-check' info: [0,0,1,1,0]
2023-10-24 13:44:07,343 INFO  SOFA-Thread-Pool-Monitor-2-thread-7 - Thread pool 'sofa-boot-health-check' info: [0,0,1,1,0]
2023-10-24 13:44:12,344 INFO  SOFA-Thread-Pool-Monitor-2-thread-7 - Thread pool 'sofa-boot-health-check' info: [0,0,1,1,0]
2023-10-24 13:44:17,343 INFO  SOFA-Thread-Pool-Monitor-2-thread-7 - Thread pool 'sofa-boot-health-check' info: [0,0,1,1,0]
2023-10-24 13:44:22,343 INFO  SOFA-Thread-Pool-Monitor-2-thread-7 - Thread pool 'sofa-boot-health-check' info: [0,0,1,1,0]
2023-10-24 13:44:27,344 INFO  SOFA-Thread-Pool-Monitor-2-thread-7 - Thread pool 'sofa-boot-health-check' info: [0,0,1,1,0]
2023-10-24 13:44:32,343 INFO  SOFA-Thread-Pool-Monitor-2-thread-7 - Thread pool 'sofa-boot-health-check' info: [0,0,1,1,0]
2023-10-24 13:44:37,344 INFO  SOFA-Thread-Pool-Monitor-2-thread-7 - Thread pool 'sofa-boot-health-check' info: [0,0,1,1,0]
2023-10-24 13:44:42,343 INFO  SOFA-Thread-Pool-Monitor-2-thread-7 - Thread pool 'sofa-boot-health-check' info: [0,0,1,1,0]
2023-10-24 13:44:47,344 INFO  SOFA-Thread-Pool-Monitor-2-thread-7 - Thread pool 'sofa-boot-health-check' info: [0,0,1,1,0]
2023-10-24 13:44:52,344 INFO  SOFA-Thread-Pool-Monitor-2-thread-7 - Thread pool 'sofa-boot-health-check' info: [0,0,1,1,0]
2023-10-24 13:44:57,343 INFO  SOFA-Thread-Pool-Monitor-2-thread-7 - Thread pool 'sofa-boot-health-check' info: [0,0,1,1,0]
2023-10-24 13:45:02,343 INFO  SOFA-Thread-Pool-Monitor-2-thread-7 - Thread pool 'sofa-boot-health-check' info: [0,0,1,1,0]
2023-10-24 13:45:07,342 INFO  SOFA-Thread-Pool-Monitor-2-thread-7 - Thread pool 'sofa-boot-health-check' info: [0,0,1,1,0]
2023-10-24 13:45:12,344 INFO  SOFA-Thread-Pool-Monitor-2-thread-7 - Thread pool 'sofa-boot-health-check' info: [0,0,1,1,0]
2023-10-24 13:45:17,343 INFO  SOFA-Thread-Pool-Monitor-2-thread-7 - Thread pool 'sofa-boot-health-check' info: [0,0,1,1,0]
2023-10-24 13:45:22,344 INFO  SOFA-Thread-Pool-Monitor-2-thread-7 - Thread pool 'sofa-boot-health-check' info: [0,0,1,1,0]
2023-10-24 13:45:27,342 INFO  SOFA-Thread-Pool-Monitor-2-thread-7 - Thread pool 'sofa-boot-health-check' info: [0,0,1,1,0]
2023-10-24 13:45:32,344 INFO  SOFA-Thread-Pool-Monitor-2-thread-7 - Thread pool 'sofa-boot-health-check' info: [0,0,1,1,0]
2023-10-24 13:45:37,343 INFO  SOFA-Thread-Pool-Monitor-2-thread-7 - Thread pool 'sofa-boot-health-check' info: [0,0,1,1,0]
2023-10-24 13:45:42,344 INFO  SOFA-Thread-Pool-Monitor-2-thread-7 - Thread pool 'sofa-boot-health-check' info: [0,0,1,1,0]
2023-10-24 13:45:47,344 INFO  SOFA-Thread-Pool-Monitor-2-thread-7 - Thread pool 'sofa-boot-health-check' info: [0,0,1,1,0]
2023-10-24 13:45:52,344 INFO  SOFA-Thread-Pool-Monitor-2-thread-7 - Thread pool 'sofa-boot-health-check' info: [0,0,1,1,0]
2023-10-24 13:45:57,343 INFO  SOFA-Thread-Pool-Monitor-2-thread-7 - Thread pool 'sofa-boot-health-check' info: [0,0,1,1,0]
2023-10-24 13:46:02,343 INFO  SOFA-Thread-Pool-Monitor-2-thread-7 - Thread pool 'sofa-boot-health-check' info: [0,0,1,1,0]
2023-10-24 13:46:07,343 INFO  SOFA-Thread-Pool-Monitor-2-thread-7 - Thread pool 'sofa-boot-health-check' info: [0,0,1,1,0]
2023-10-24 13:46:12,344 INFO  SOFA-Thread-Pool-Monitor-2-thread-7 - Thread pool 'sofa-boot-health-check' info: [0,0,1,1,0]
2023-10-24 13:46:17,343 INFO  SOFA-Thread-Pool-Monitor-2-thread-7 - Thread pool 'sofa-boot-health-check' info: [0,0,1,1,0]
2023-10-24 13:46:22,343 INFO  SOFA-Thread-Pool-Monitor-2-thread-7 - Thread pool 'sofa-boot-health-check' info: [0,0,1,1,0]
2023-10-24 13:46:27,343 INFO  SOFA-Thread-Pool-Monitor-2-thread-7 - Thread pool 'sofa-boot-health-check' info: [0,0,1,1,0]
2023-10-24 13:46:32,343 INFO  SOFA-Thread-Pool-Monitor-2-thread-7 - Thread pool 'sofa-boot-health-check' info: [0,0,1,1,0]
2023-10-24 13:46:37,343 INFO  SOFA-Thread-Pool-Monitor-2-thread-7 - Thread pool 'sofa-boot-health-check' info: [0,0,1,1,0]
2023-10-24 13:46:42,344 INFO  SOFA-Thread-Pool-Monitor-2-thread-7 - Thread pool 'sofa-boot-health-check' info: [0,0,1,1,0]
2023-10-24 13:46:47,344 INFO  SOFA-Thread-Pool-Monitor-2-thread-7 - Thread pool 'sofa-boot-health-check' info: [0,0,1,1,0]
2023-10-24 13:46:52,344 INFO  SOFA-Thread-Pool-Monitor-2-thread-7 - Thread pool 'sofa-boot-health-check' info: [0,0,1,1,0]
2023-10-24 13:46:57,343 INFO  SOFA-Thread-Pool-Monitor-2-thread-7 - Thread pool 'sofa-boot-health-check' info: [0,0,1,1,0]
2023-10-24 13:47:02,343 INFO  SOFA-Thread-Pool-Monitor-2-thread-7 - Thread pool 'sofa-boot-health-check' info: [0,0,1,1,0]
2023-10-24 13:47:07,342 INFO  SOFA-Thread-Pool-Monitor-2-thread-7 - Thread pool 'sofa-boot-health-check' info: [0,0,1,1,0]
2023-10-24 13:47:12,344 INFO  SOFA-Thread-Pool-Monitor-2-thread-7 - Thread pool 'sofa-boot-health-check' info: [0,0,1,1,0]
2023-10-24 13:47:17,343 INFO  SOFA-Thread-Pool-Monitor-2-thread-7 - Thread pool 'sofa-boot-health-check' info: [0,0,1,1,0]
2023-10-24 13:47:22,344 INFO  SOFA-Thread-Pool-Monitor-2-thread-7 - Thread pool 'sofa-boot-health-check' info: [0,0,1,1,0]
2023-10-24 13:47:27,343 INFO  SOFA-Thread-Pool-Monitor-2-thread-7 - Thread pool 'sofa-boot-health-check' info: [0,0,1,1,0]
2023-10-24 13:47:32,343 INFO  SOFA-Thread-Pool-Monitor-2-thread-7 - Thread pool 'sofa-boot-health-check' info: [0,0,1,1,0]
2023-10-24 13:47:37,344 INFO  SOFA-Thread-Pool-Monitor-2-thread-7 - Thread pool 'sofa-boot-health-check' info: [0,0,1,1,0]
2023-10-24 13:47:42,343 INFO  SOFA-Thread-Pool-Monitor-2-thread-7 - Thread pool 'sofa-boot-health-check' info: [0,0,1,1,0]
2023-10-24 13:47:47,343 INFO  SOFA-Thread-Pool-Monitor-2-thread-7 - Thread pool 'sofa-boot-health-check' info: [0,0,1,1,0]
2023-10-24 13:47:52,343 INFO  SOFA-Thread-Pool-Monitor-2-thread-7 - Thread pool 'sofa-boot-health-check' info: [0,0,1,1,0]
2023-10-24 13:47:57,343 INFO  SOFA-Thread-Pool-Monitor-2-thread-7 - Thread pool 'sofa-boot-health-check' info: [0,0,1,1,0]
2023-10-24 13:48:02,343 INFO  SOFA-Thread-Pool-Monitor-2-thread-7 - Thread pool 'sofa-boot-health-check' info: [0,0,1,1,0]
2023-10-24 13:48:07,343 INFO  SOFA-Thread-Pool-Monitor-2-thread-7 - Thread pool 'sofa-boot-health-check' info: [0,0,1,1,0]
2023-10-24 13:48:23,633 INFO  main  - Thread pool 'sofa-boot-health-check' started with period: 5000 MILLISECONDS
2023-10-24 13:48:23,633 INFO  main  - Thread pool with name 'sofa-boot-health-check' registered
2023-10-24 13:48:28,628 INFO  SOFA-Thread-Pool-Monitor-2-thread-1 - Thread pool 'sofa-boot-health-check' info: [0,0,1,1,0]
2023-10-24 13:48:28,630 INFO  SOFA-Thread-Pool-Monitor-2-thread-1 - Thread pool 'sofa-boot-health-check' average static info: [0,81]
2023-10-24 13:48:33,627 INFO  SOFA-Thread-Pool-Monitor-2-thread-1 - Thread pool 'sofa-boot-health-check' info: [0,0,1,1,0]
2023-10-24 13:48:38,628 INFO  SOFA-Thread-Pool-Monitor-2-thread-2 - Thread pool 'sofa-boot-health-check' info: [0,0,1,1,0]
2023-10-24 13:48:43,629 INFO  SOFA-Thread-Pool-Monitor-2-thread-1 - Thread pool 'sofa-boot-health-check' info: [0,0,1,1,0]
2023-10-24 13:48:48,629 INFO  SOFA-Thread-Pool-Monitor-2-thread-3 - Thread pool 'sofa-boot-health-check' info: [0,0,1,1,0]
2023-10-24 13:48:53,628 INFO  SOFA-Thread-Pool-Monitor-2-thread-2 - Thread pool 'sofa-boot-health-check' info: [0,0,1,1,0]
2023-10-24 13:48:58,628 INFO  SOFA-Thread-Pool-Monitor-2-thread-4 - Thread pool 'sofa-boot-health-check' info: [0,0,1,1,0]
2023-10-24 13:49:03,629 INFO  SOFA-Thread-Pool-Monitor-2-thread-1 - Thread pool 'sofa-boot-health-check' info: [0,0,1,1,0]
2023-10-24 13:49:08,629 INFO  SOFA-Thread-Pool-Monitor-2-thread-5 - Thread pool 'sofa-boot-health-check' info: [0,0,1,1,0]
2023-10-24 13:49:13,627 INFO  SOFA-Thread-Pool-Monitor-2-thread-3 - Thread pool 'sofa-boot-health-check' info: [0,0,1,1,0]
2023-10-24 13:49:18,627 INFO  SOFA-Thread-Pool-Monitor-2-thread-6 - Thread pool 'sofa-boot-health-check' info: [0,0,1,1,0]
2023-10-24 13:49:23,628 INFO  SOFA-Thread-Pool-Monitor-2-thread-2 - Thread pool 'sofa-boot-health-check' info: [0,0,1,1,0]
2023-10-24 13:49:28,628 INFO  SOFA-Thread-Pool-Monitor-2-thread-7 - Thread pool 'sofa-boot-health-check' info: [0,0,1,1,0]
2023-10-24 13:49:33,629 INFO  SOFA-Thread-Pool-Monitor-2-thread-7 - Thread pool 'sofa-boot-health-check' info: [0,0,1,1,0]
2023-10-24 13:49:38,627 INFO  SOFA-Thread-Pool-Monitor-2-thread-7 - Thread pool 'sofa-boot-health-check' info: [0,0,1,1,0]
2023-10-24 13:49:43,628 INFO  SOFA-Thread-Pool-Monitor-2-thread-7 - Thread pool 'sofa-boot-health-check' info: [0,0,1,1,0]
2023-10-24 13:49:48,628 INFO  SOFA-Thread-Pool-Monitor-2-thread-7 - Thread pool 'sofa-boot-health-check' info: [0,0,1,1,0]
2023-10-24 13:49:53,628 INFO  SOFA-Thread-Pool-Monitor-2-thread-7 - Thread pool 'sofa-boot-health-check' info: [0,0,1,1,0]
2023-10-24 13:49:58,628 INFO  SOFA-Thread-Pool-Monitor-2-thread-7 - Thread pool 'sofa-boot-health-check' info: [0,0,1,1,0]
2023-10-24 13:50:03,627 INFO  SOFA-Thread-Pool-Monitor-2-thread-7 - Thread pool 'sofa-boot-health-check' info: [0,0,1,1,0]
2023-10-24 13:50:08,629 INFO  SOFA-Thread-Pool-Monitor-2-thread-7 - Thread pool 'sofa-boot-health-check' info: [0,0,1,1,0]
2023-10-24 13:50:13,629 INFO  SOFA-Thread-Pool-Monitor-2-thread-7 - Thread pool 'sofa-boot-health-check' info: [0,0,1,1,0]
2023-10-24 13:50:18,628 INFO  SOFA-Thread-Pool-Monitor-2-thread-7 - Thread pool 'sofa-boot-health-check' info: [0,0,1,1,0]
2023-10-24 13:50:23,628 INFO  SOFA-Thread-Pool-Monitor-2-thread-7 - Thread pool 'sofa-boot-health-check' info: [0,0,1,1,0]
2023-10-24 13:50:28,628 INFO  SOFA-Thread-Pool-Monitor-2-thread-7 - Thread pool 'sofa-boot-health-check' info: [0,0,1,1,0]
2023-10-24 13:50:33,627 INFO  SOFA-Thread-Pool-Monitor-2-thread-7 - Thread pool 'sofa-boot-health-check' info: [0,0,1,1,0]
2023-10-24 13:50:38,627 INFO  SOFA-Thread-Pool-Monitor-2-thread-7 - Thread pool 'sofa-boot-health-check' info: [0,0,1,1,0]
2023-10-24 13:50:43,627 INFO  SOFA-Thread-Pool-Monitor-2-thread-7 - Thread pool 'sofa-boot-health-check' info: [0,0,1,1,0]
2023-10-24 13:50:48,628 INFO  SOFA-Thread-Pool-Monitor-2-thread-7 - Thread pool 'sofa-boot-health-check' info: [0,0,1,1,0]
2023-10-24 13:50:53,627 INFO  SOFA-Thread-Pool-Monitor-2-thread-7 - Thread pool 'sofa-boot-health-check' info: [0,0,1,1,0]
2023-10-24 13:50:58,628 INFO  SOFA-Thread-Pool-Monitor-2-thread-7 - Thread pool 'sofa-boot-health-check' info: [0,0,1,1,0]
2023-10-24 13:51:03,627 INFO  SOFA-Thread-Pool-Monitor-2-thread-7 - Thread pool 'sofa-boot-health-check' info: [0,0,1,1,0]
2023-10-24 13:51:08,629 INFO  SOFA-Thread-Pool-Monitor-2-thread-7 - Thread pool 'sofa-boot-health-check' info: [0,0,1,1,0]
2023-10-24 13:51:13,627 INFO  SOFA-Thread-Pool-Monitor-2-thread-7 - Thread pool 'sofa-boot-health-check' info: [0,0,1,1,0]
2023-10-24 13:51:18,629 INFO  SOFA-Thread-Pool-Monitor-2-thread-7 - Thread pool 'sofa-boot-health-check' info: [0,0,1,1,0]
2023-10-24 13:51:23,628 INFO  SOFA-Thread-Pool-Monitor-2-thread-7 - Thread pool 'sofa-boot-health-check' info: [0,0,1,1,0]
2023-10-24 13:51:28,627 INFO  SOFA-Thread-Pool-Monitor-2-thread-7 - Thread pool 'sofa-boot-health-check' info: [0,0,1,1,0]
2023-10-24 13:51:33,627 INFO  SOFA-Thread-Pool-Monitor-2-thread-7 - Thread pool 'sofa-boot-health-check' info: [0,0,1,1,0]
2023-10-24 13:51:38,627 INFO  SOFA-Thread-Pool-Monitor-2-thread-7 - Thread pool 'sofa-boot-health-check' info: [0,0,1,1,0]
2023-10-24 13:51:43,629 INFO  SOFA-Thread-Pool-Monitor-2-thread-7 - Thread pool 'sofa-boot-health-check' info: [0,0,1,1,0]
2023-10-24 13:51:48,627 INFO  SOFA-Thread-Pool-Monitor-2-thread-7 - Thread pool 'sofa-boot-health-check' info: [0,0,1,1,0]
2023-10-24 13:51:53,627 INFO  SOFA-Thread-Pool-Monitor-2-thread-7 - Thread pool 'sofa-boot-health-check' info: [0,0,1,1,0]
2023-10-24 13:51:58,628 INFO  SOFA-Thread-Pool-Monitor-2-thread-7 - Thread pool 'sofa-boot-health-check' info: [0,0,1,1,0]
2023-10-24 13:52:03,627 INFO  SOFA-Thread-Pool-Monitor-2-thread-7 - Thread pool 'sofa-boot-health-check' info: [0,0,1,1,0]
2023-10-24 13:52:08,628 INFO  SOFA-Thread-Pool-Monitor-2-thread-7 - Thread pool 'sofa-boot-health-check' info: [0,0,1,1,0]
2023-10-24 13:52:13,627 INFO  SOFA-Thread-Pool-Monitor-2-thread-7 - Thread pool 'sofa-boot-health-check' info: [0,0,1,1,0]
2023-10-24 13:52:18,628 INFO  SOFA-Thread-Pool-Monitor-2-thread-7 - Thread pool 'sofa-boot-health-check' info: [0,0,1,1,0]
2023-10-24 13:52:23,628 INFO  SOFA-Thread-Pool-Monitor-2-thread-7 - Thread pool 'sofa-boot-health-check' info: [0,0,1,1,0]
2023-10-24 13:52:28,628 INFO  SOFA-Thread-Pool-Monitor-2-thread-7 - Thread pool 'sofa-boot-health-check' info: [0,0,1,1,0]
2023-10-24 13:52:33,628 INFO  SOFA-Thread-Pool-Monitor-2-thread-7 - Thread pool 'sofa-boot-health-check' info: [0,0,1,1,0]
2023-10-24 13:52:38,628 INFO  SOFA-Thread-Pool-Monitor-2-thread-7 - Thread pool 'sofa-boot-health-check' info: [0,0,1,1,0]
2023-10-24 13:52:43,627 INFO  SOFA-Thread-Pool-Monitor-2-thread-7 - Thread pool 'sofa-boot-health-check' info: [0,0,1,1,0]
2023-10-24 13:52:48,628 INFO  SOFA-Thread-Pool-Monitor-2-thread-7 - Thread pool 'sofa-boot-health-check' info: [0,0,1,1,0]
2023-10-24 13:57:11,929 INFO  main  - Thread pool 'sofa-boot-health-check' started with period: 5000 MILLISECONDS
2023-10-24 13:57:11,929 INFO  main  - Thread pool with name 'sofa-boot-health-check' registered
2023-10-24 13:57:16,924 INFO  SOFA-Thread-Pool-Monitor-2-thread-1 - Thread pool 'sofa-boot-health-check' info: [0,0,1,1,0]
2023-10-24 13:57:16,924 INFO  SOFA-Thread-Pool-Monitor-2-thread-1 - Thread pool 'sofa-boot-health-check' average static info: [0,73]
2023-10-24 13:57:21,923 INFO  SOFA-Thread-Pool-Monitor-2-thread-1 - Thread pool 'sofa-boot-health-check' info: [0,0,1,1,0]
2023-10-24 13:57:26,923 INFO  SOFA-Thread-Pool-Monitor-2-thread-2 - Thread pool 'sofa-boot-health-check' info: [0,0,1,1,0]
2023-10-24 13:57:31,924 INFO  SOFA-Thread-Pool-Monitor-2-thread-1 - Thread pool 'sofa-boot-health-check' info: [0,0,1,1,0]
2023-10-24 13:57:36,923 INFO  SOFA-Thread-Pool-Monitor-2-thread-3 - Thread pool 'sofa-boot-health-check' info: [0,0,1,1,0]
2023-10-24 13:57:41,924 INFO  SOFA-Thread-Pool-Monitor-2-thread-2 - Thread pool 'sofa-boot-health-check' info: [0,0,1,1,0]
2023-10-24 13:57:46,923 INFO  SOFA-Thread-Pool-Monitor-2-thread-4 - Thread pool 'sofa-boot-health-check' info: [0,0,1,1,0]
2023-10-24 13:57:51,923 INFO  SOFA-Thread-Pool-Monitor-2-thread-1 - Thread pool 'sofa-boot-health-check' info: [0,0,1,1,0]
2023-10-24 13:57:56,924 INFO  SOFA-Thread-Pool-Monitor-2-thread-5 - Thread pool 'sofa-boot-health-check' info: [0,0,1,1,0]
2023-10-24 13:58:01,923 INFO  SOFA-Thread-Pool-Monitor-2-thread-3 - Thread pool 'sofa-boot-health-check' info: [0,0,1,1,0]
2023-10-24 13:58:06,925 INFO  SOFA-Thread-Pool-Monitor-2-thread-6 - Thread pool 'sofa-boot-health-check' info: [0,0,1,1,0]
2023-10-24 13:58:11,923 INFO  SOFA-Thread-Pool-Monitor-2-thread-2 - Thread pool 'sofa-boot-health-check' info: [0,0,1,1,0]
2023-10-24 13:58:16,923 INFO  SOFA-Thread-Pool-Monitor-2-thread-7 - Thread pool 'sofa-boot-health-check' info: [0,0,1,1,0]
2023-10-24 13:58:21,924 INFO  SOFA-Thread-Pool-Monitor-2-thread-7 - Thread pool 'sofa-boot-health-check' info: [0,0,1,1,0]
2023-10-24 13:58:26,924 INFO  SOFA-Thread-Pool-Monitor-2-thread-7 - Thread pool 'sofa-boot-health-check' info: [0,0,1,1,0]
2023-10-24 13:58:31,923 INFO  SOFA-Thread-Pool-Monitor-2-thread-7 - Thread pool 'sofa-boot-health-check' info: [0,0,1,1,0]
2023-10-24 13:58:36,925 INFO  SOFA-Thread-Pool-Monitor-2-thread-7 - Thread pool 'sofa-boot-health-check' info: [0,0,1,1,0]
2023-10-24 13:58:41,924 INFO  SOFA-Thread-Pool-Monitor-2-thread-7 - Thread pool 'sofa-boot-health-check' info: [0,0,1,1,0]
2023-10-24 13:58:46,924 INFO  SOFA-Thread-Pool-Monitor-2-thread-7 - Thread pool 'sofa-boot-health-check' info: [0,0,1,1,0]
2023-10-24 13:58:51,923 INFO  SOFA-Thread-Pool-Monitor-2-thread-7 - Thread pool 'sofa-boot-health-check' info: [0,0,1,1,0]
2023-10-24 13:58:56,925 INFO  SOFA-Thread-Pool-Monitor-2-thread-7 - Thread pool 'sofa-boot-health-check' info: [0,0,1,1,0]
2023-10-24 13:59:01,924 INFO  SOFA-Thread-Pool-Monitor-2-thread-7 - Thread pool 'sofa-boot-health-check' info: [0,0,1,1,0]
2023-10-24 13:59:06,924 INFO  SOFA-Thread-Pool-Monitor-2-thread-7 - Thread pool 'sofa-boot-health-check' info: [0,0,1,1,0]
2023-10-24 13:59:11,923 INFO  SOFA-Thread-Pool-Monitor-2-thread-7 - Thread pool 'sofa-boot-health-check' info: [0,0,1,1,0]
2023-10-24 13:59:16,924 INFO  SOFA-Thread-Pool-Monitor-2-thread-7 - Thread pool 'sofa-boot-health-check' info: [0,0,1,1,0]
2023-10-24 13:59:21,924 INFO  SOFA-Thread-Pool-Monitor-2-thread-7 - Thread pool 'sofa-boot-health-check' info: [0,0,1,1,0]
2023-10-24 13:59:35,606 INFO  main  - Thread pool 'sofa-boot-health-check' started with period: 5000 MILLISECONDS
2023-10-24 13:59:35,606 INFO  main  - Thread pool with name 'sofa-boot-health-check' registered
2023-10-24 13:59:40,601 INFO  SOFA-Thread-Pool-Monitor-2-thread-1 - Thread pool 'sofa-boot-health-check' info: [0,0,1,1,0]
2023-10-24 13:59:40,601 INFO  SOFA-Thread-Pool-Monitor-2-thread-1 - Thread pool 'sofa-boot-health-check' average static info: [0,77]
2023-10-24 13:59:45,601 INFO  SOFA-Thread-Pool-Monitor-2-thread-1 - Thread pool 'sofa-boot-health-check' info: [0,0,1,1,0]
2023-10-24 13:59:50,601 INFO  SOFA-Thread-Pool-Monitor-2-thread-2 - Thread pool 'sofa-boot-health-check' info: [0,0,1,1,0]
2023-10-24 13:59:55,602 INFO  SOFA-Thread-Pool-Monitor-2-thread-1 - Thread pool 'sofa-boot-health-check' info: [0,0,1,1,0]
2023-10-24 14:00:00,601 INFO  SOFA-Thread-Pool-Monitor-2-thread-3 - Thread pool 'sofa-boot-health-check' info: [0,0,1,1,0]
2023-10-24 14:00:05,601 INFO  SOFA-Thread-Pool-Monitor-2-thread-2 - Thread pool 'sofa-boot-health-check' info: [0,0,1,1,0]
2023-10-24 14:00:10,602 INFO  SOFA-Thread-Pool-Monitor-2-thread-4 - Thread pool 'sofa-boot-health-check' info: [0,0,1,1,0]
2023-10-24 14:00:15,601 INFO  SOFA-Thread-Pool-Monitor-2-thread-1 - Thread pool 'sofa-boot-health-check' info: [0,0,1,1,0]
2023-10-24 14:00:20,602 INFO  SOFA-Thread-Pool-Monitor-2-thread-5 - Thread pool 'sofa-boot-health-check' info: [0,0,1,1,0]
2023-10-24 14:00:25,602 INFO  SOFA-Thread-Pool-Monitor-2-thread-3 - Thread pool 'sofa-boot-health-check' info: [0,0,1,1,0]
2023-10-24 14:00:30,602 INFO  SOFA-Thread-Pool-Monitor-2-thread-6 - Thread pool 'sofa-boot-health-check' info: [0,0,1,1,0]
2023-10-24 14:00:35,602 INFO  SOFA-Thread-Pool-Monitor-2-thread-2 - Thread pool 'sofa-boot-health-check' info: [0,0,1,1,0]
2023-10-24 14:00:40,602 INFO  SOFA-Thread-Pool-Monitor-2-thread-7 - Thread pool 'sofa-boot-health-check' info: [0,0,1,1,0]
2023-10-24 14:00:45,601 INFO  SOFA-Thread-Pool-Monitor-2-thread-7 - Thread pool 'sofa-boot-health-check' info: [0,0,1,1,0]
2023-10-24 14:00:50,602 INFO  SOFA-Thread-Pool-Monitor-2-thread-7 - Thread pool 'sofa-boot-health-check' info: [0,0,1,1,0]
2023-10-24 14:00:55,601 INFO  SOFA-Thread-Pool-Monitor-2-thread-7 - Thread pool 'sofa-boot-health-check' info: [0,0,1,1,0]
2023-10-24 14:01:00,602 INFO  SOFA-Thread-Pool-Monitor-2-thread-7 - Thread pool 'sofa-boot-health-check' info: [0,0,1,1,0]
2023-10-24 14:01:05,601 INFO  SOFA-Thread-Pool-Monitor-2-thread-7 - Thread pool 'sofa-boot-health-check' info: [0,0,1,1,0]
2023-10-24 14:01:10,601 INFO  SOFA-Thread-Pool-Monitor-2-thread-7 - Thread pool 'sofa-boot-health-check' info: [0,0,1,1,0]
2023-10-24 14:01:15,602 INFO  SOFA-Thread-Pool-Monitor-2-thread-7 - Thread pool 'sofa-boot-health-check' info: [0,0,1,1,0]
2023-10-24 14:01:20,602 INFO  SOFA-Thread-Pool-Monitor-2-thread-7 - Thread pool 'sofa-boot-health-check' info: [0,0,1,1,0]
2023-10-24 14:01:25,601 INFO  SOFA-Thread-Pool-Monitor-2-thread-7 - Thread pool 'sofa-boot-health-check' info: [0,0,1,1,0]
2023-10-24 14:01:30,602 INFO  SOFA-Thread-Pool-Monitor-2-thread-7 - Thread pool 'sofa-boot-health-check' info: [0,0,1,1,0]
2023-10-24 14:01:35,601 INFO  SOFA-Thread-Pool-Monitor-2-thread-7 - Thread pool 'sofa-boot-health-check' info: [0,0,1,1,0]
2023-10-24 14:01:40,601 INFO  SOFA-Thread-Pool-Monitor-2-thread-7 - Thread pool 'sofa-boot-health-check' info: [0,0,1,1,0]
2023-10-24 14:01:45,602 INFO  SOFA-Thread-Pool-Monitor-2-thread-7 - Thread pool 'sofa-boot-health-check' info: [0,0,1,1,0]
2023-10-24 14:01:50,601 INFO  SOFA-Thread-Pool-Monitor-2-thread-7 - Thread pool 'sofa-boot-health-check' info: [0,0,1,1,0]
2023-10-24 14:01:55,602 INFO  SOFA-Thread-Pool-Monitor-2-thread-7 - Thread pool 'sofa-boot-health-check' info: [0,0,1,1,0]
2023-10-24 14:02:00,602 INFO  SOFA-Thread-Pool-Monitor-2-thread-7 - Thread pool 'sofa-boot-health-check' info: [0,0,1,1,0]
2023-10-24 14:02:05,601 INFO  SOFA-Thread-Pool-Monitor-2-thread-7 - Thread pool 'sofa-boot-health-check' info: [0,0,1,1,0]
2023-10-24 14:02:10,602 INFO  SOFA-Thread-Pool-Monitor-2-thread-7 - Thread pool 'sofa-boot-health-check' info: [0,0,1,1,0]
2023-10-24 14:02:15,601 INFO  SOFA-Thread-Pool-Monitor-2-thread-7 - Thread pool 'sofa-boot-health-check' info: [0,0,1,1,0]
2023-10-24 14:02:20,602 INFO  SOFA-Thread-Pool-Monitor-2-thread-7 - Thread pool 'sofa-boot-health-check' info: [0,0,1,1,0]
2023-10-24 14:02:25,601 INFO  SOFA-Thread-Pool-Monitor-2-thread-7 - Thread pool 'sofa-boot-health-check' info: [0,0,1,1,0]
2023-10-24 14:02:30,601 INFO  SOFA-Thread-Pool-Monitor-2-thread-7 - Thread pool 'sofa-boot-health-check' info: [0,0,1,1,0]
2023-10-24 14:02:35,601 INFO  SOFA-Thread-Pool-Monitor-2-thread-7 - Thread pool 'sofa-boot-health-check' info: [0,0,1,1,0]
2023-10-24 14:02:40,602 INFO  SOFA-Thread-Pool-Monitor-2-thread-7 - Thread pool 'sofa-boot-health-check' info: [0,0,1,1,0]
2023-10-24 14:02:45,601 INFO  SOFA-Thread-Pool-Monitor-2-thread-7 - Thread pool 'sofa-boot-health-check' info: [0,0,1,1,0]
2023-10-24 14:02:50,602 INFO  SOFA-Thread-Pool-Monitor-2-thread-7 - Thread pool 'sofa-boot-health-check' info: [0,0,1,1,0]
2023-10-24 14:02:55,601 INFO  SOFA-Thread-Pool-Monitor-2-thread-7 - Thread pool 'sofa-boot-health-check' info: [0,0,1,1,0]
2023-10-24 14:03:00,602 INFO  SOFA-Thread-Pool-Monitor-2-thread-7 - Thread pool 'sofa-boot-health-check' info: [0,0,1,1,0]
2023-10-24 14:03:05,603 INFO  SOFA-Thread-Pool-Monitor-2-thread-7 - Thread pool 'sofa-boot-health-check' info: [0,0,1,1,0]
2023-10-24 14:03:10,602 INFO  SOFA-Thread-Pool-Monitor-2-thread-7 - Thread pool 'sofa-boot-health-check' info: [0,0,1,1,0]
2023-10-24 14:03:15,602 INFO  SOFA-Thread-Pool-Monitor-2-thread-7 - Thread pool 'sofa-boot-health-check' info: [0,0,1,1,0]
2023-10-24 14:03:20,602 INFO  SOFA-Thread-Pool-Monitor-2-thread-7 - Thread pool 'sofa-boot-health-check' info: [0,0,1,1,0]
2023-10-24 14:03:25,601 INFO  SOFA-Thread-Pool-Monitor-2-thread-7 - Thread pool 'sofa-boot-health-check' info: [0,0,1,1,0]
2023-10-24 14:03:30,601 INFO  SOFA-Thread-Pool-Monitor-2-thread-7 - Thread pool 'sofa-boot-health-check' info: [0,0,1,1,0]
2023-10-24 14:03:35,601 INFO  SOFA-Thread-Pool-Monitor-2-thread-7 - Thread pool 'sofa-boot-health-check' info: [0,0,1,1,0]
2023-10-24 14:03:40,601 INFO  SOFA-Thread-Pool-Monitor-2-thread-7 - Thread pool 'sofa-boot-health-check' info: [0,0,1,1,0]
2023-10-24 14:03:45,602 INFO  SOFA-Thread-Pool-Monitor-2-thread-7 - Thread pool 'sofa-boot-health-check' info: [0,0,1,1,0]
2023-10-24 14:03:50,602 INFO  SOFA-Thread-Pool-Monitor-2-thread-7 - Thread pool 'sofa-boot-health-check' info: [0,0,1,1,0]
2023-10-24 14:03:55,602 INFO  SOFA-Thread-Pool-Monitor-2-thread-7 - Thread pool 'sofa-boot-health-check' info: [0,0,1,1,0]
2023-10-24 14:04:00,601 INFO  SOFA-Thread-Pool-Monitor-2-thread-7 - Thread pool 'sofa-boot-health-check' info: [0,0,1,1,0]
2023-10-24 14:04:05,602 INFO  SOFA-Thread-Pool-Monitor-2-thread-7 - Thread pool 'sofa-boot-health-check' info: [0,0,1,1,0]
2023-10-24 14:04:10,601 INFO  SOFA-Thread-Pool-Monitor-2-thread-7 - Thread pool 'sofa-boot-health-check' info: [0,0,1,1,0]
2023-10-24 14:04:15,601 INFO  SOFA-Thread-Pool-Monitor-2-thread-7 - Thread pool 'sofa-boot-health-check' info: [0,0,1,1,0]
2023-10-24 14:04:20,602 INFO  SOFA-Thread-Pool-Monitor-2-thread-7 - Thread pool 'sofa-boot-health-check' info: [0,0,1,1,0]
2023-10-24 14:04:25,601 INFO  SOFA-Thread-Pool-Monitor-2-thread-7 - Thread pool 'sofa-boot-health-check' info: [0,0,1,1,0]
2023-10-24 14:04:30,601 INFO  SOFA-Thread-Pool-Monitor-2-thread-7 - Thread pool 'sofa-boot-health-check' info: [0,0,1,1,0]
2023-10-24 14:04:35,601 INFO  SOFA-Thread-Pool-Monitor-2-thread-7 - Thread pool 'sofa-boot-health-check' info: [0,0,1,1,0]
2023-10-24 14:04:40,602 INFO  SOFA-Thread-Pool-Monitor-2-thread-7 - Thread pool 'sofa-boot-health-check' info: [0,0,1,1,0]
2023-10-24 14:04:45,602 INFO  SOFA-Thread-Pool-Monitor-2-thread-7 - Thread pool 'sofa-boot-health-check' info: [0,0,1,1,0]
2023-10-24 14:04:50,602 INFO  SOFA-Thread-Pool-Monitor-2-thread-7 - Thread pool 'sofa-boot-health-check' info: [0,0,1,1,0]
2023-10-24 14:04:55,603 INFO  SOFA-Thread-Pool-Monitor-2-thread-7 - Thread pool 'sofa-boot-health-check' info: [0,0,1,1,0]
2023-10-24 14:05:00,602 INFO  SOFA-Thread-Pool-Monitor-2-thread-7 - Thread pool 'sofa-boot-health-check' info: [0,0,1,1,0]
2023-10-24 14:05:05,601 INFO  SOFA-Thread-Pool-Monitor-2-thread-7 - Thread pool 'sofa-boot-health-check' info: [0,0,1,1,0]
2023-10-24 14:05:10,601 INFO  SOFA-Thread-Pool-Monitor-2-thread-7 - Thread pool 'sofa-boot-health-check' info: [0,0,1,1,0]
2023-10-24 14:05:15,602 INFO  SOFA-Thread-Pool-Monitor-2-thread-7 - Thread pool 'sofa-boot-health-check' info: [0,0,1,1,0]
2023-10-24 14:05:20,602 INFO  SOFA-Thread-Pool-Monitor-2-thread-7 - Thread pool 'sofa-boot-health-check' info: [0,0,1,1,0]
2023-10-24 14:05:25,602 INFO  SOFA-Thread-Pool-Monitor-2-thread-7 - Thread pool 'sofa-boot-health-check' info: [0,0,1,1,0]
2023-10-24 14:05:30,602 INFO  SOFA-Thread-Pool-Monitor-2-thread-7 - Thread pool 'sofa-boot-health-check' info: [0,0,1,1,0]
2023-10-24 14:05:35,601 INFO  SOFA-Thread-Pool-Monitor-2-thread-7 - Thread pool 'sofa-boot-health-check' info: [0,0,1,1,0]
2023-10-24 14:05:40,602 INFO  SOFA-Thread-Pool-Monitor-2-thread-7 - Thread pool 'sofa-boot-health-check' info: [0,0,1,1,0]
2023-10-24 14:05:45,602 INFO  SOFA-Thread-Pool-Monitor-2-thread-7 - Thread pool 'sofa-boot-health-check' info: [0,0,1,1,0]
2023-10-24 14:05:50,602 INFO  SOFA-Thread-Pool-Monitor-2-thread-7 - Thread pool 'sofa-boot-health-check' info: [0,0,1,1,0]
2023-10-24 14:05:55,602 INFO  SOFA-Thread-Pool-Monitor-2-thread-7 - Thread pool 'sofa-boot-health-check' info: [0,0,1,1,0]
2023-10-24 14:06:00,602 INFO  SOFA-Thread-Pool-Monitor-2-thread-7 - Thread pool 'sofa-boot-health-check' info: [0,0,1,1,0]
2023-10-24 14:06:05,601 INFO  SOFA-Thread-Pool-Monitor-2-thread-7 - Thread pool 'sofa-boot-health-check' info: [0,0,1,1,0]
2023-10-24 14:06:10,602 INFO  SOFA-Thread-Pool-Monitor-2-thread-7 - Thread pool 'sofa-boot-health-check' info: [0,0,1,1,0]
2023-10-24 14:06:15,601 INFO  SOFA-Thread-Pool-Monitor-2-thread-7 - Thread pool 'sofa-boot-health-check' info: [0,0,1,1,0]
2023-10-24 14:06:20,601 INFO  SOFA-Thread-Pool-Monitor-2-thread-7 - Thread pool 'sofa-boot-health-check' info: [0,0,1,1,0]
2023-10-24 14:06:25,601 INFO  SOFA-Thread-Pool-Monitor-2-thread-7 - Thread pool 'sofa-boot-health-check' info: [0,0,1,1,0]
2023-10-24 14:06:30,602 INFO  SOFA-Thread-Pool-Monitor-2-thread-7 - Thread pool 'sofa-boot-health-check' info: [0,0,1,1,0]
2023-10-24 14:06:35,601 INFO  SOFA-Thread-Pool-Monitor-2-thread-7 - Thread pool 'sofa-boot-health-check' info: [0,0,1,1,0]
2023-10-24 14:06:40,603 INFO  SOFA-Thread-Pool-Monitor-2-thread-7 - Thread pool 'sofa-boot-health-check' info: [0,0,1,1,0]
2023-10-24 14:06:45,602 INFO  SOFA-Thread-Pool-Monitor-2-thread-7 - Thread pool 'sofa-boot-health-check' info: [0,0,1,1,0]
2023-10-24 14:06:50,601 INFO  SOFA-Thread-Pool-Monitor-2-thread-7 - Thread pool 'sofa-boot-health-check' info: [0,0,1,1,0]
2023-10-24 14:06:55,602 INFO  SOFA-Thread-Pool-Monitor-2-thread-7 - Thread pool 'sofa-boot-health-check' info: [0,0,1,1,0]
2023-10-24 14:07:00,601 INFO  SOFA-Thread-Pool-Monitor-2-thread-7 - Thread pool 'sofa-boot-health-check' info: [0,0,1,1,0]
2023-10-24 14:07:05,602 INFO  SOFA-Thread-Pool-Monitor-2-thread-7 - Thread pool 'sofa-boot-health-check' info: [0,0,1,1,0]
2023-10-24 14:07:10,602 INFO  SOFA-Thread-Pool-Monitor-2-thread-7 - Thread pool 'sofa-boot-health-check' info: [0,0,1,1,0]
2023-10-24 14:07:15,601 INFO  SOFA-Thread-Pool-Monitor-2-thread-7 - Thread pool 'sofa-boot-health-check' info: [0,0,1,1,0]
2023-10-24 14:07:20,602 INFO  SOFA-Thread-Pool-Monitor-2-thread-7 - Thread pool 'sofa-boot-health-check' info: [0,0,1,1,0]
2023-10-24 14:07:25,602 INFO  SOFA-Thread-Pool-Monitor-2-thread-7 - Thread pool 'sofa-boot-health-check' info: [0,0,1,1,0]
2023-10-24 14:07:30,601 INFO  SOFA-Thread-Pool-Monitor-2-thread-7 - Thread pool 'sofa-boot-health-check' info: [0,0,1,1,0]
2023-10-24 14:07:35,602 INFO  SOFA-Thread-Pool-Monitor-2-thread-7 - Thread pool 'sofa-boot-health-check' info: [0,0,1,1,0]
2023-10-24 14:07:40,601 INFO  SOFA-Thread-Pool-Monitor-2-thread-7 - Thread pool 'sofa-boot-health-check' info: [0,0,1,1,0]
2023-10-24 14:07:45,601 INFO  SOFA-Thread-Pool-Monitor-2-thread-7 - Thread pool 'sofa-boot-health-check' info: [0,0,1,1,0]
2023-10-24 14:07:50,602 INFO  SOFA-Thread-Pool-Monitor-2-thread-7 - Thread pool 'sofa-boot-health-check' info: [0,0,1,1,0]
2023-10-24 14:07:55,602 INFO  SOFA-Thread-Pool-Monitor-2-thread-7 - Thread pool 'sofa-boot-health-check' info: [0,0,1,1,0]
2023-10-24 14:08:00,602 INFO  SOFA-Thread-Pool-Monitor-2-thread-7 - Thread pool 'sofa-boot-health-check' info: [0,0,1,1,0]
2023-10-24 14:08:05,601 INFO  SOFA-Thread-Pool-Monitor-2-thread-7 - Thread pool 'sofa-boot-health-check' info: [0,0,1,1,0]
2023-10-24 14:08:10,602 INFO  SOFA-Thread-Pool-Monitor-2-thread-7 - Thread pool 'sofa-boot-health-check' info: [0,0,1,1,0]
2023-10-24 14:08:15,601 INFO  SOFA-Thread-Pool-Monitor-2-thread-7 - Thread pool 'sofa-boot-health-check' info: [0,0,1,1,0]
2023-10-24 14:08:20,601 INFO  SOFA-Thread-Pool-Monitor-2-thread-7 - Thread pool 'sofa-boot-health-check' info: [0,0,1,1,0]
2023-10-24 14:08:25,601 INFO  SOFA-Thread-Pool-Monitor-2-thread-7 - Thread pool 'sofa-boot-health-check' info: [0,0,1,1,0]
2023-10-24 14:08:30,602 INFO  SOFA-Thread-Pool-Monitor-2-thread-7 - Thread pool 'sofa-boot-health-check' info: [0,0,1,1,0]
2023-10-24 14:08:35,602 INFO  SOFA-Thread-Pool-Monitor-2-thread-7 - Thread pool 'sofa-boot-health-check' info: [0,0,1,1,0]
2023-10-24 14:08:40,601 INFO  SOFA-Thread-Pool-Monitor-2-thread-7 - Thread pool 'sofa-boot-health-check' info: [0,0,1,1,0]
2023-10-24 14:08:45,602 INFO  SOFA-Thread-Pool-Monitor-2-thread-7 - Thread pool 'sofa-boot-health-check' info: [0,0,1,1,0]
