2023-10-25 10:48:53,877 INFO  main                             - Found 1 HealthChecker implementation:sofaComponentHealthChecker
2023-10-25 10:48:53,881 INFO  main                             - Found 3 HealthIndicator implementation:diskSpaceHealthIndicator,pingHealthContributor,dbHealthContributor
2023-10-25 10:48:53,882 INFO  main                             - Found 0 ReadinessCheckCallback implementation: 
2023-10-25 10:48:53,883 INFO  main                             - Begin SOFABoot HealthChecker readiness check.
2023-10-25 10:48:53,883 INFO  main                             - SOFABoot HealthChecker readiness check 1 item: SOFABoot-Components.
2023-10-25 10:48:53,886 INFO  main                             - HealthChecker[sofaComponentHealthChecker] readiness check start.
2023-10-25 10:48:53,887 INFO  main                             - Create health-check thread pool, corePoolSize: 1, maxPoolSize: 1.
2023-10-25 10:48:53,902 INFO  main                             - HealthChecker[sofaComponentHealthChecker] readiness check success with 0 retry.
2023-10-25 10:48:53,902 INFO  main                             - SOFABoot HealthChecker readiness check result: success.
2023-10-25 10:48:53,902 INFO  main                             - Begin SOFABoot HealthIndicator readiness check.
2023-10-25 10:48:53,902 INFO  main                             - SOFABoot HealthChecker readiness check 3 item: diskSpaceHealthIndicator,pingHealthContributor,dbHealthContributor.
2023-10-25 10:48:53,902 INFO  main                             - HealthIndicator[diskSpaceHealthIndicator] readiness check start.
2023-10-25 10:48:53,903 INFO  main                             - HealthIndicator[diskSpaceHealthIndicator] readiness check success.
2023-10-25 10:48:53,903 INFO  main                             - HealthIndicator[pingHealthContributor] readiness check start.
2023-10-25 10:48:53,903 INFO  main                             - HealthIndicator[pingHealthContributor] readiness check success.
2023-10-25 10:48:53,903 INFO  main                             - HealthIndicator[dbHealthContributor] readiness check start.
2023-10-25 10:48:54,346 INFO  main                             - HealthIndicator[dbHealthContributor] readiness check success.
2023-10-25 10:48:54,347 INFO  main                             - SOFABoot HealthIndicator readiness check result: success.
2023-10-25 10:48:54,347 INFO  main                             - Invoking all readiness check callbacks...
2023-10-25 10:48:54,348 INFO  main                             - Begin ReadinessCheckCallback readiness check
2023-10-25 10:48:54,348 INFO  main                             - ReadinessCheckCallback readiness check result: success.
2023-10-25 10:48:54,348 INFO  main                             - Readiness check result: success
2023-10-25 10:48:54,469 INFO  RMI TCP Connection(1)-192.168.56.1 - Begin SOFABoot HealthChecker liveness check.
2023-10-25 10:48:54,470 INFO  RMI TCP Connection(1)-192.168.56.1 - SOFABoot HealthChecker liveness check 1 item: SOFABoot-Components.
2023-10-25 10:48:54,470 INFO  RMI TCP Connection(1)-192.168.56.1 - HealthChecker[sofaComponentHealthChecker] liveness check start.
2023-10-25 10:48:54,470 INFO  RMI TCP Connection(1)-192.168.56.1 - HealthChecker[sofaComponentHealthChecker] liveness check success with 0 retry.
2023-10-25 10:48:54,470 INFO  RMI TCP Connection(1)-192.168.56.1 - SOFABoot HealthChecker liveness check result: success.
2023-10-25 10:59:18,989 INFO  main                             - Found 1 HealthChecker implementation:sofaComponentHealthChecker
2023-10-25 10:59:18,990 INFO  main                             - Found 3 HealthIndicator implementation:diskSpaceHealthIndicator,pingHealthContributor,dbHealthContributor
2023-10-25 10:59:18,991 INFO  main                             - Found 0 ReadinessCheckCallback implementation: 
2023-10-25 10:59:18,991 INFO  main                             - Begin SOFABoot HealthChecker readiness check.
2023-10-25 10:59:18,991 INFO  main                             - SOFABoot HealthChecker readiness check 1 item: SOFABoot-Components.
2023-10-25 10:59:18,992 INFO  main                             - HealthChecker[sofaComponentHealthChecker] readiness check start.
2023-10-25 10:59:18,992 INFO  main                             - Create health-check thread pool, corePoolSize: 1, maxPoolSize: 1.
2023-10-25 10:59:19,006 INFO  main                             - HealthChecker[sofaComponentHealthChecker] readiness check success with 0 retry.
2023-10-25 10:59:19,006 INFO  main                             - SOFABoot HealthChecker readiness check result: success.
2023-10-25 10:59:19,006 INFO  main                             - Begin SOFABoot HealthIndicator readiness check.
2023-10-25 10:59:19,006 INFO  main                             - SOFABoot HealthChecker readiness check 3 item: diskSpaceHealthIndicator,pingHealthContributor,dbHealthContributor.
2023-10-25 10:59:19,007 INFO  main                             - HealthIndicator[diskSpaceHealthIndicator] readiness check start.
2023-10-25 10:59:19,008 INFO  main                             - HealthIndicator[diskSpaceHealthIndicator] readiness check success.
2023-10-25 10:59:19,008 INFO  main                             - HealthIndicator[pingHealthContributor] readiness check start.
2023-10-25 10:59:19,008 INFO  main                             - HealthIndicator[pingHealthContributor] readiness check success.
2023-10-25 10:59:19,008 INFO  main                             - HealthIndicator[dbHealthContributor] readiness check start.
2023-10-25 10:59:20,287 INFO  main                             - HealthIndicator[dbHealthContributor] readiness check success.
2023-10-25 10:59:20,287 INFO  main                             - SOFABoot HealthIndicator readiness check result: success.
2023-10-25 10:59:20,287 INFO  main                             - Invoking all readiness check callbacks...
2023-10-25 10:59:20,287 INFO  main                             - Begin ReadinessCheckCallback readiness check
2023-10-25 10:59:20,287 INFO  main                             - ReadinessCheckCallback readiness check result: success.
2023-10-25 10:59:20,287 INFO  main                             - Readiness check result: success
2023-10-25 10:59:21,353 INFO  RMI TCP Connection(3)-192.168.56.1 - Begin SOFABoot HealthChecker liveness check.
2023-10-25 10:59:21,353 INFO  RMI TCP Connection(3)-192.168.56.1 - SOFABoot HealthChecker liveness check 1 item: SOFABoot-Components.
2023-10-25 10:59:21,353 INFO  RMI TCP Connection(3)-192.168.56.1 - HealthChecker[sofaComponentHealthChecker] liveness check start.
2023-10-25 10:59:21,353 INFO  RMI TCP Connection(3)-192.168.56.1 - HealthChecker[sofaComponentHealthChecker] liveness check success with 0 retry.
2023-10-25 10:59:21,353 INFO  RMI TCP Connection(3)-192.168.56.1 - SOFABoot HealthChecker liveness check result: success.
2023-10-25 11:06:23,582 INFO  main                             - Found 1 HealthChecker implementation:sofaComponentHealthChecker
2023-10-25 11:06:23,583 INFO  main                             - Found 3 HealthIndicator implementation:diskSpaceHealthIndicator,pingHealthContributor,dbHealthContributor
2023-10-25 11:06:23,583 INFO  main                             - Found 0 ReadinessCheckCallback implementation: 
2023-10-25 11:06:23,584 INFO  main                             - Begin SOFABoot HealthChecker readiness check.
2023-10-25 11:06:23,584 INFO  main                             - SOFABoot HealthChecker readiness check 1 item: SOFABoot-Components.
2023-10-25 11:06:23,585 INFO  main                             - HealthChecker[sofaComponentHealthChecker] readiness check start.
2023-10-25 11:06:23,585 INFO  main                             - Create health-check thread pool, corePoolSize: 1, maxPoolSize: 1.
2023-10-25 11:06:23,599 INFO  main                             - HealthChecker[sofaComponentHealthChecker] readiness check success with 0 retry.
2023-10-25 11:06:23,599 INFO  main                             - SOFABoot HealthChecker readiness check result: success.
2023-10-25 11:06:23,599 INFO  main                             - Begin SOFABoot HealthIndicator readiness check.
2023-10-25 11:06:23,599 INFO  main                             - SOFABoot HealthChecker readiness check 3 item: diskSpaceHealthIndicator,pingHealthContributor,dbHealthContributor.
2023-10-25 11:06:23,599 INFO  main                             - HealthIndicator[diskSpaceHealthIndicator] readiness check start.
2023-10-25 11:06:23,601 INFO  main                             - HealthIndicator[diskSpaceHealthIndicator] readiness check success.
2023-10-25 11:06:23,601 INFO  main                             - HealthIndicator[pingHealthContributor] readiness check start.
2023-10-25 11:06:23,601 INFO  main                             - HealthIndicator[pingHealthContributor] readiness check success.
2023-10-25 11:06:23,601 INFO  main                             - HealthIndicator[dbHealthContributor] readiness check start.
2023-10-25 11:06:26,173 INFO  main                             - HealthIndicator[dbHealthContributor] readiness check success.
2023-10-25 11:06:26,173 INFO  main                             - SOFABoot HealthIndicator readiness check result: success.
2023-10-25 11:06:26,174 INFO  main                             - Invoking all readiness check callbacks...
2023-10-25 11:06:26,174 INFO  main                             - Begin ReadinessCheckCallback readiness check
2023-10-25 11:06:26,174 INFO  main                             - ReadinessCheckCallback readiness check result: success.
2023-10-25 11:06:26,174 INFO  main                             - Readiness check result: success
2023-10-25 11:06:26,880 INFO  RMI TCP Connection(3)-192.168.56.1 - Begin SOFABoot HealthChecker liveness check.
2023-10-25 11:06:26,881 INFO  RMI TCP Connection(3)-192.168.56.1 - SOFABoot HealthChecker liveness check 1 item: SOFABoot-Components.
2023-10-25 11:06:26,881 INFO  RMI TCP Connection(3)-192.168.56.1 - HealthChecker[sofaComponentHealthChecker] liveness check start.
2023-10-25 11:06:26,881 INFO  RMI TCP Connection(3)-192.168.56.1 - HealthChecker[sofaComponentHealthChecker] liveness check success with 0 retry.
2023-10-25 11:06:26,881 INFO  RMI TCP Connection(3)-192.168.56.1 - SOFABoot HealthChecker liveness check result: success.
2023-10-25 11:10:49,746 INFO  main                             - Found 1 HealthChecker implementation:sofaComponentHealthChecker
2023-10-25 11:10:49,748 INFO  main                             - Found 3 HealthIndicator implementation:diskSpaceHealthIndicator,pingHealthContributor,dbHealthContributor
2023-10-25 11:10:49,748 INFO  main                             - Found 0 ReadinessCheckCallback implementation: 
2023-10-25 11:10:49,749 INFO  main                             - Begin SOFABoot HealthChecker readiness check.
2023-10-25 11:10:49,749 INFO  main                             - SOFABoot HealthChecker readiness check 1 item: SOFABoot-Components.
2023-10-25 11:10:49,750 INFO  main                             - HealthChecker[sofaComponentHealthChecker] readiness check start.
2023-10-25 11:10:49,750 INFO  main                             - Create health-check thread pool, corePoolSize: 1, maxPoolSize: 1.
2023-10-25 11:10:49,763 INFO  main                             - HealthChecker[sofaComponentHealthChecker] readiness check success with 0 retry.
2023-10-25 11:10:49,764 INFO  main                             - SOFABoot HealthChecker readiness check result: success.
2023-10-25 11:10:49,764 INFO  main                             - Begin SOFABoot HealthIndicator readiness check.
2023-10-25 11:10:49,764 INFO  main                             - SOFABoot HealthChecker readiness check 3 item: diskSpaceHealthIndicator,pingHealthContributor,dbHealthContributor.
2023-10-25 11:10:49,764 INFO  main                             - HealthIndicator[diskSpaceHealthIndicator] readiness check start.
2023-10-25 11:10:49,766 INFO  main                             - HealthIndicator[diskSpaceHealthIndicator] readiness check success.
2023-10-25 11:10:49,766 INFO  main                             - HealthIndicator[pingHealthContributor] readiness check start.
2023-10-25 11:10:49,766 INFO  main                             - HealthIndicator[pingHealthContributor] readiness check success.
2023-10-25 11:10:49,766 INFO  main                             - HealthIndicator[dbHealthContributor] readiness check start.
2023-10-25 11:10:50,791 INFO  main                             - HealthIndicator[dbHealthContributor] readiness check success.
2023-10-25 11:10:50,791 INFO  main                             - SOFABoot HealthIndicator readiness check result: success.
2023-10-25 11:10:50,792 INFO  main                             - Invoking all readiness check callbacks...
2023-10-25 11:10:50,792 INFO  main                             - Begin ReadinessCheckCallback readiness check
2023-10-25 11:10:50,792 INFO  main                             - ReadinessCheckCallback readiness check result: success.
2023-10-25 11:10:50,792 INFO  main                             - Readiness check result: success
2023-10-25 11:10:51,315 INFO  RMI TCP Connection(2)-192.168.56.1 - Begin SOFABoot HealthChecker liveness check.
2023-10-25 11:10:51,316 INFO  RMI TCP Connection(2)-192.168.56.1 - SOFABoot HealthChecker liveness check 1 item: SOFABoot-Components.
2023-10-25 11:10:51,316 INFO  RMI TCP Connection(2)-192.168.56.1 - HealthChecker[sofaComponentHealthChecker] liveness check start.
2023-10-25 11:10:51,316 INFO  RMI TCP Connection(2)-192.168.56.1 - HealthChecker[sofaComponentHealthChecker] liveness check success with 0 retry.
2023-10-25 11:10:51,316 INFO  RMI TCP Connection(2)-192.168.56.1 - SOFABoot HealthChecker liveness check result: success.
2023-10-25 13:08:25,663 INFO  main                             - Found 1 HealthChecker implementation:sofaComponentHealthChecker
2023-10-25 13:08:25,679 INFO  main                             - Found 3 HealthIndicator implementation:diskSpaceHealthIndicator,pingHealthContributor,dbHealthContributor
2023-10-25 13:08:25,679 INFO  main                             - Found 0 ReadinessCheckCallback implementation: 
2023-10-25 13:08:25,679 INFO  main                             - Begin SOFABoot HealthChecker readiness check.
2023-10-25 13:08:25,679 INFO  main                             - SOFABoot HealthChecker readiness check 1 item: SOFABoot-Components.
2023-10-25 13:08:25,679 INFO  main                             - HealthChecker[sofaComponentHealthChecker] readiness check start.
2023-10-25 13:08:25,679 INFO  main                             - Create health-check thread pool, corePoolSize: 1, maxPoolSize: 1.
2023-10-25 13:08:25,703 INFO  main                             - HealthChecker[sofaComponentHealthChecker] readiness check success with 0 retry.
2023-10-25 13:08:25,703 INFO  main                             - SOFABoot HealthChecker readiness check result: success.
2023-10-25 13:08:25,703 INFO  main                             - Begin SOFABoot HealthIndicator readiness check.
2023-10-25 13:08:25,703 INFO  main                             - SOFABoot HealthChecker readiness check 3 item: diskSpaceHealthIndicator,pingHealthContributor,dbHealthContributor.
2023-10-25 13:08:25,703 INFO  main                             - HealthIndicator[diskSpaceHealthIndicator] readiness check start.
2023-10-25 13:08:25,711 INFO  main                             - HealthIndicator[diskSpaceHealthIndicator] readiness check success.
2023-10-25 13:08:25,711 INFO  main                             - HealthIndicator[pingHealthContributor] readiness check start.
2023-10-25 13:08:25,711 INFO  main                             - HealthIndicator[pingHealthContributor] readiness check success.
2023-10-25 13:08:25,711 INFO  main                             - HealthIndicator[dbHealthContributor] readiness check start.
2023-10-25 13:08:27,676 INFO  main                             - HealthIndicator[dbHealthContributor] readiness check success.
2023-10-25 13:08:27,676 INFO  main                             - SOFABoot HealthIndicator readiness check result: success.
2023-10-25 13:08:27,676 INFO  main                             - Invoking all readiness check callbacks...
2023-10-25 13:08:27,700 INFO  main                             - Begin ReadinessCheckCallback readiness check
2023-10-25 13:08:27,700 INFO  main                             - ReadinessCheckCallback readiness check result: success.
2023-10-25 13:08:27,700 INFO  main                             - Readiness check result: success
2023-10-25 13:08:28,665 INFO  RMI TCP Connection(2)-192.168.56.1 - Begin SOFABoot HealthChecker liveness check.
2023-10-25 13:08:28,665 INFO  RMI TCP Connection(2)-192.168.56.1 - SOFABoot HealthChecker liveness check 1 item: SOFABoot-Components.
2023-10-25 13:08:28,665 INFO  RMI TCP Connection(2)-192.168.56.1 - HealthChecker[sofaComponentHealthChecker] liveness check start.
2023-10-25 13:08:28,665 INFO  RMI TCP Connection(2)-192.168.56.1 - HealthChecker[sofaComponentHealthChecker] liveness check success with 0 retry.
2023-10-25 13:08:28,665 INFO  RMI TCP Connection(2)-192.168.56.1 - SOFABoot HealthChecker liveness check result: success.
